1659926811762	geckodriver	INFO	Listening on 127.0.0.1:42419
1659926811852	mozrunner::runner	INFO	Running command: "/usr/bin/firefox" "--marionette" "--remote-debugging-port" "58441" "--remote-allow-hosts" "localhost" "-no-remote" "-profile" "/tmp/rust_mozprofilelfJhqz"

(firefox:38193): Gdk-WARNING **: 23:46:51.925: Cannot transform xsetting gtk-xft-dpi of type gchararray to type gint


(firefox:38193): Gdk-WARNING **: 23:46:52.001: Cannot transform xsetting gtk-xft-dpi of type gchararray to type gint


(firefox:38193): Gdk-WARNING **: 23:46:52.002: Cannot transform xsetting gtk-enable-input-feedback-sounds of type gchararray to type gboolean


(firefox:38193): Gdk-WARNING **: 23:46:52.002: Cannot transform xsetting gtk-enable-event-sounds of type gchararray to type gboolean


(firefox:38193): Gdk-WARNING **: 23:46:52.002: Cannot transform xsetting gtk-enable-input-feedback-sounds of type gchararray to type gboolean

[GFX1-]: glxtest: VA-API test failed: failed to initialise VAAPI connection.
ATTENTION: default value of option mesa_glthread overridden by environment.
ATTENTION: default value of option mesa_glthread overridden by environment.
ATTENTION: default value of option mesa_glthread overridden by environment.
ATTENTION: default value of option mesa_glthread overridden by environment.
1659926813076	Marionette	INFO	Marionette enabled
1659926813084	Marionette	INFO	Listening on port 36485
WebDriver BiDi listening on ws://localhost:58441
Read port: 36485
1659926813281	RemoteAgent	WARN	TLS certificate errors will be ignored for this session
console.warn: SearchSettings: "get: No settings file exists, new profile?" (new NotFoundError("Could not open the file at /tmp/rust_mozprofilelfJhqz/search.json.mozlz4", (void 0)))
Missing chrome or resource URL: resource://gre/modules/UpdateListener.jsm
Missing chrome or resource URL: resource://gre/modules/UpdateListener.sys.mjs
DevTools listening on ws://localhost:58441/devtools/browser/c23eaa6c-b8db-40e3-b500-ba99334a5b7d
Missing chrome or resource URL: resource://gre/modules/UpdateListener.jsm
Missing chrome or resource URL: resource://gre/modules/UpdateListener.sys.mjs
console.error: "Error during quit-application-granted: [Exception... \"File error: Not found\"  nsresult: \"0x80520012 (NS_ERROR_FILE_NOT_FOUND)\"  location: \"JS frame :: resource:///modules/BrowserGlue.jsm :: _onQuitApplicationGranted/tasks< :: line 2006\"  data: no]"
1659926815852	Marionette	INFO	Stopped listening on port 36485
console.warn: TopSitesFeed: Failed to fetch data from Contile server: NetworkError when attempting to fetch resource.
JavaScript error: resource://gre/modules/TerminatorTelemetry.jsm, line 69: AbortError: IOUtils: Shutting down and refusing additional I/O tasks
